[2020-03-27 11:13:37] local.ERROR: syntax error, unexpected end of file {"exception":"[object] (ParseError(code: 0): syntax error, unexpected end of file at /home/rania/Desktop/Financial-Tracker-App/backend/routes/web.php:28)
[stacktrace]
#0 /home/rania/Desktop/Financial-Tracker-App/backend/vendor/laravel/framework/src/Illuminate/Routing/Router.php(416): Illuminate\\Routing\\RouteFileRegistrar->register()
#1 /home/rania/Desktop/Financial-Tracker-App/backend/vendor/laravel/framework/src/Illuminate/Routing/Router.php(374): Illuminate\\Routing\\Router->loadRoutes()
#2 /home/rania/Desktop/Financial-Tracker-App/backend/vendor/laravel/framework/src/Illuminate/Routing/RouteRegistrar.php(134): Illuminate\\Routing\\Router->group()
#3 /home/rania/Desktop/Financial-Tracker-App/backend/app/Providers/RouteServiceProvider.php(63): Illuminate\\Routing\\RouteRegistrar->group()
#4 /home/rania/Desktop/Financial-Tracker-App/backend/app/Providers/RouteServiceProvider.php(47): App\\Providers\\RouteServiceProvider->mapWebRoutes()
#5 [internal function]: App\\Providers\\RouteServiceProvider->map()
#6 /home/rania/Desktop/Financial-Tracker-App/backend/vendor/laravel/framework/src/Illuminate/Container/BoundMethod.php(32): call_user_func_array()
#7 /home/rania/Desktop/Financial-Tracker-App/backend/vendor/laravel/framework/src/Illuminate/Container/Util.php(36): Illuminate\\Container\\BoundMethod::Illuminate\\Container\\{closure}()
#8 /home/rania/Desktop/Financial-Tracker-App/backend/vendor/laravel/framework/src/Illuminate/Container/BoundMethod.php(90): Illuminate\\Container\\Util::unwrapIfClosure()
#9 /home/rania/Desktop/Financial-Tracker-App/backend/vendor/laravel/framework/src/Illuminate/Container/BoundMethod.php(34): Illuminate\\Container\\BoundMethod::callBoundMethod()
#10 /home/rania/Desktop/Financial-Tracker-App/backend/vendor/laravel/framework/src/Illuminate/Container/Container.php(592): Illuminate\\Container\\BoundMethod::call()
#11 /home/rania/Desktop/Financial-Tracker-App/backend/vendor/laravel/framework/src/Illuminate/Foundation/Support/Providers/RouteServiceProvider.php(87): Illuminate\\Container\\Container->call()
#12 /home/rania/Desktop/Financial-Tracker-App/backend/vendor/laravel/framework/src/Illuminate/Foundation/Support/Providers/RouteServiceProvider.php(36): Illuminate\\Foundation\\Support\\Providers\\RouteServiceProvider->loadRoutes()
#13 /home/rania/Desktop/Financial-Tracker-App/backend/app/Providers/RouteServiceProvider.php(35): Illuminate\\Foundation\\Support\\Providers\\RouteServiceProvider->boot()
#14 [internal function]: App\\Providers\\RouteServiceProvider->boot()
#15 /home/rania/Desktop/Financial-Tracker-App/backend/vendor/laravel/framework/src/Illuminate/Container/BoundMethod.php(32): call_user_func_array()
#16 /home/rania/Desktop/Financial-Tracker-App/backend/vendor/laravel/framework/src/Illuminate/Container/Util.php(36): Illuminate\\Container\\BoundMethod::Illuminate\\Container\\{closure}()
#17 /home/rania/Desktop/Financial-Tracker-App/backend/vendor/laravel/framework/src/Illuminate/Container/BoundMethod.php(90): Illuminate\\Container\\Util::unwrapIfClosure()
#18 /home/rania/Desktop/Financial-Tracker-App/backend/vendor/laravel/framework/src/Illuminate/Container/BoundMethod.php(34): Illuminate\\Container\\BoundMethod::callBoundMethod()
#19 /home/rania/Desktop/Financial-Tracker-App/backend/vendor/laravel/framework/src/Illuminate/Container/Container.php(592): Illuminate\\Container\\BoundMethod::call()
#20 /home/rania/Desktop/Financial-Tracker-App/backend/vendor/laravel/framework/src/Illuminate/Foundation/Application.php(865): Illuminate\\Container\\Container->call()
#21 /home/rania/Desktop/Financial-Tracker-App/backend/vendor/laravel/framework/src/Illuminate/Foundation/Application.php(848): Illuminate\\Foundation\\Application->bootProvider()
#22 [internal function]: Illuminate\\Foundation\\Application->Illuminate\\Foundation\\{closure}()
#23 /home/rania/Desktop/Financial-Tracker-App/backend/vendor/laravel/framework/src/Illuminate/Foundation/Application.php(849): array_walk()
#24 /home/rania/Desktop/Financial-Tracker-App/backend/vendor/laravel/framework/src/Illuminate/Foundation/Bootstrap/BootProviders.php(17): Illuminate\\Foundation\\Application->boot()
#25 /home/rania/Desktop/Financial-Tracker-App/backend/vendor/laravel/framework/src/Illuminate/Foundation/Application.php(228): Illuminate\\Foundation\\Bootstrap\\BootProviders->bootstrap()
#26 /home/rania/Desktop/Financial-Tracker-App/backend/vendor/laravel/framework/src/Illuminate/Foundation/Http/Kernel.php(151): Illuminate\\Foundation\\Application->bootstrapWith()
#27 /home/rania/Desktop/Financial-Tracker-App/backend/vendor/laravel/framework/src/Illuminate/Foundation/Http/Kernel.php(135): Illuminate\\Foundation\\Http\\Kernel->bootstrap()
#28 /home/rania/Desktop/Financial-Tracker-App/backend/vendor/laravel/framework/src/Illuminate/Foundation/Http/Kernel.php(109): Illuminate\\Foundation\\Http\\Kernel->sendRequestThroughRouter()
#29 /home/rania/Desktop/Financial-Tracker-App/backend/public/index.php(55): Illuminate\\Foundation\\Http\\Kernel->handle()
#30 /home/rania/Desktop/Financial-Tracker-App/backend/server.php(21): require_once('/home/rania/Des...')
#31 {main}
"} 
[2020-03-27 11:13:49] local.ERROR: syntax error, unexpected end of file {"exception":"[object] (ParseError(code: 0): syntax error, unexpected end of file at /home/rania/Desktop/Financial-Tracker-App/backend/routes/web.php:28)
[stacktrace]
#0 /home/rania/Desktop/Financial-Tracker-App/backend/vendor/laravel/framework/src/Illuminate/Routing/Router.php(416): Illuminate\\Routing\\RouteFileRegistrar->register()
#1 /home/rania/Desktop/Financial-Tracker-App/backend/vendor/laravel/framework/src/Illuminate/Routing/Router.php(374): Illuminate\\Routing\\Router->loadRoutes()
#2 /home/rania/Desktop/Financial-Tracker-App/backend/vendor/laravel/framework/src/Illuminate/Routing/RouteRegistrar.php(134): Illuminate\\Routing\\Router->group()
#3 /home/rania/Desktop/Financial-Tracker-App/backend/app/Providers/RouteServiceProvider.php(63): Illuminate\\Routing\\RouteRegistrar->group()
#4 /home/rania/Desktop/Financial-Tracker-App/backend/app/Providers/RouteServiceProvider.php(47): App\\Providers\\RouteServiceProvider->mapWebRoutes()
#5 [internal function]: App\\Providers\\RouteServiceProvider->map()
#6 /home/rania/Desktop/Financial-Tracker-App/backend/vendor/laravel/framework/src/Illuminate/Container/BoundMethod.php(32): call_user_func_array()
#7 /home/rania/Desktop/Financial-Tracker-App/backend/vendor/laravel/framework/src/Illuminate/Container/Util.php(36): Illuminate\\Container\\BoundMethod::Illuminate\\Container\\{closure}()
#8 /home/rania/Desktop/Financial-Tracker-App/backend/vendor/laravel/framework/src/Illuminate/Container/BoundMethod.php(90): Illuminate\\Container\\Util::unwrapIfClosure()
#9 /home/rania/Desktop/Financial-Tracker-App/backend/vendor/laravel/framework/src/Illuminate/Container/BoundMethod.php(34): Illuminate\\Container\\BoundMethod::callBoundMethod()
#10 /home/rania/Desktop/Financial-Tracker-App/backend/vendor/laravel/framework/src/Illuminate/Container/Container.php(592): Illuminate\\Container\\BoundMethod::call()
#11 /home/rania/Desktop/Financial-Tracker-App/backend/vendor/laravel/framework/src/Illuminate/Foundation/Support/Providers/RouteServiceProvider.php(87): Illuminate\\Container\\Container->call()
#12 /home/rania/Desktop/Financial-Tracker-App/backend/vendor/laravel/framework/src/Illuminate/Foundation/Support/Providers/RouteServiceProvider.php(36): Illuminate\\Foundation\\Support\\Providers\\RouteServiceProvider->loadRoutes()
#13 /home/rania/Desktop/Financial-Tracker-App/backend/app/Providers/RouteServiceProvider.php(35): Illuminate\\Foundation\\Support\\Providers\\RouteServiceProvider->boot()
#14 [internal function]: App\\Providers\\RouteServiceProvider->boot()
#15 /home/rania/Desktop/Financial-Tracker-App/backend/vendor/laravel/framework/src/Illuminate/Container/BoundMethod.php(32): call_user_func_array()
#16 /home/rania/Desktop/Financial-Tracker-App/backend/vendor/laravel/framework/src/Illuminate/Container/Util.php(36): Illuminate\\Container\\BoundMethod::Illuminate\\Container\\{closure}()
#17 /home/rania/Desktop/Financial-Tracker-App/backend/vendor/laravel/framework/src/Illuminate/Container/BoundMethod.php(90): Illuminate\\Container\\Util::unwrapIfClosure()
#18 /home/rania/Desktop/Financial-Tracker-App/backend/vendor/laravel/framework/src/Illuminate/Container/BoundMethod.php(34): Illuminate\\Container\\BoundMethod::callBoundMethod()
#19 /home/rania/Desktop/Financial-Tracker-App/backend/vendor/laravel/framework/src/Illuminate/Container/Container.php(592): Illuminate\\Container\\BoundMethod::call()
#20 /home/rania/Desktop/Financial-Tracker-App/backend/vendor/laravel/framework/src/Illuminate/Foundation/Application.php(865): Illuminate\\Container\\Container->call()
#21 /home/rania/Desktop/Financial-Tracker-App/backend/vendor/laravel/framework/src/Illuminate/Foundation/Application.php(848): Illuminate\\Foundation\\Application->bootProvider()
#22 [internal function]: Illuminate\\Foundation\\Application->Illuminate\\Foundation\\{closure}()
#23 /home/rania/Desktop/Financial-Tracker-App/backend/vendor/laravel/framework/src/Illuminate/Foundation/Application.php(849): array_walk()
#24 /home/rania/Desktop/Financial-Tracker-App/backend/vendor/laravel/framework/src/Illuminate/Foundation/Bootstrap/BootProviders.php(17): Illuminate\\Foundation\\Application->boot()
#25 /home/rania/Desktop/Financial-Tracker-App/backend/vendor/laravel/framework/src/Illuminate/Foundation/Application.php(228): Illuminate\\Foundation\\Bootstrap\\BootProviders->bootstrap()
#26 /home/rania/Desktop/Financial-Tracker-App/backend/vendor/laravel/framework/src/Illuminate/Foundation/Http/Kernel.php(151): Illuminate\\Foundation\\Application->bootstrapWith()
#27 /home/rania/Desktop/Financial-Tracker-App/backend/vendor/laravel/framework/src/Illuminate/Foundation/Http/Kernel.php(135): Illuminate\\Foundation\\Http\\Kernel->bootstrap()
#28 /home/rania/Desktop/Financial-Tracker-App/backend/vendor/laravel/framework/src/Illuminate/Foundation/Http/Kernel.php(109): Illuminate\\Foundation\\Http\\Kernel->sendRequestThroughRouter()
#29 /home/rania/Desktop/Financial-Tracker-App/backend/public/index.php(55): Illuminate\\Foundation\\Http\\Kernel->handle()
#30 /home/rania/Desktop/Financial-Tracker-App/backend/server.php(21): require_once('/home/rania/Des...')
#31 {main}
"} 
[2020-03-27 13:19:46] local.ERROR: Call to undefined function get() {"exception":"[object] (Error(code: 0): Call to undefined function get() at /home/rania/Desktop/Financial-Tracker-App/backend/routes/web.php:20)
[stacktrace]
#0 /home/rania/Desktop/Financial-Tracker-App/backend/vendor/laravel/framework/src/Illuminate/Routing/RouteFileRegistrar.php(35): require()
#1 /home/rania/Desktop/Financial-Tracker-App/backend/vendor/laravel/framework/src/Illuminate/Routing/Router.php(416): Illuminate\\Routing\\RouteFileRegistrar->register()
#2 /home/rania/Desktop/Financial-Tracker-App/backend/vendor/laravel/framework/src/Illuminate/Routing/Router.php(374): Illuminate\\Routing\\Router->loadRoutes()
#3 /home/rania/Desktop/Financial-Tracker-App/backend/vendor/laravel/framework/src/Illuminate/Routing/RouteRegistrar.php(134): Illuminate\\Routing\\Router->group()
#4 /home/rania/Desktop/Financial-Tracker-App/backend/app/Providers/RouteServiceProvider.php(63): Illuminate\\Routing\\RouteRegistrar->group()
#5 /home/rania/Desktop/Financial-Tracker-App/backend/app/Providers/RouteServiceProvider.php(47): App\\Providers\\RouteServiceProvider->mapWebRoutes()
#6 [internal function]: App\\Providers\\RouteServiceProvider->map()
#7 /home/rania/Desktop/Financial-Tracker-App/backend/vendor/laravel/framework/src/Illuminate/Container/BoundMethod.php(32): call_user_func_array()
#8 /home/rania/Desktop/Financial-Tracker-App/backend/vendor/laravel/framework/src/Illuminate/Container/Util.php(36): Illuminate\\Container\\BoundMethod::Illuminate\\Container\\{closure}()
#9 /home/rania/Desktop/Financial-Tracker-App/backend/vendor/laravel/framework/src/Illuminate/Container/BoundMethod.php(90): Illuminate\\Container\\Util::unwrapIfClosure()
#10 /home/rania/Desktop/Financial-Tracker-App/backend/vendor/laravel/framework/src/Illuminate/Container/BoundMethod.php(34): Illuminate\\Container\\BoundMethod::callBoundMethod()
#11 /home/rania/Desktop/Financial-Tracker-App/backend/vendor/laravel/framework/src/Illuminate/Container/Container.php(592): Illuminate\\Container\\BoundMethod::call()
#12 /home/rania/Desktop/Financial-Tracker-App/backend/vendor/laravel/framework/src/Illuminate/Foundation/Support/Providers/RouteServiceProvider.php(87): Illuminate\\Container\\Container->call()
#13 /home/rania/Desktop/Financial-Tracker-App/backend/vendor/laravel/framework/src/Illuminate/Foundation/Support/Providers/RouteServiceProvider.php(36): Illuminate\\Foundation\\Support\\Providers\\RouteServiceProvider->loadRoutes()
#14 /home/rania/Desktop/Financial-Tracker-App/backend/app/Providers/RouteServiceProvider.php(35): Illuminate\\Foundation\\Support\\Providers\\RouteServiceProvider->boot()
#15 [internal function]: App\\Providers\\RouteServiceProvider->boot()
#16 /home/rania/Desktop/Financial-Tracker-App/backend/vendor/laravel/framework/src/Illuminate/Container/BoundMethod.php(32): call_user_func_array()
#17 /home/rania/Desktop/Financial-Tracker-App/backend/vendor/laravel/framework/src/Illuminate/Container/Util.php(36): Illuminate\\Container\\BoundMethod::Illuminate\\Container\\{closure}()
#18 /home/rania/Desktop/Financial-Tracker-App/backend/vendor/laravel/framework/src/Illuminate/Container/BoundMethod.php(90): Illuminate\\Container\\Util::unwrapIfClosure()
#19 /home/rania/Desktop/Financial-Tracker-App/backend/vendor/laravel/framework/src/Illuminate/Container/BoundMethod.php(34): Illuminate\\Container\\BoundMethod::callBoundMethod()
#20 /home/rania/Desktop/Financial-Tracker-App/backend/vendor/laravel/framework/src/Illuminate/Container/Container.php(592): Illuminate\\Container\\BoundMethod::call()
#21 /home/rania/Desktop/Financial-Tracker-App/backend/vendor/laravel/framework/src/Illuminate/Foundation/Application.php(865): Illuminate\\Container\\Container->call()
#22 /home/rania/Desktop/Financial-Tracker-App/backend/vendor/laravel/framework/src/Illuminate/Foundation/Application.php(848): Illuminate\\Foundation\\Application->bootProvider()
#23 [internal function]: Illuminate\\Foundation\\Application->Illuminate\\Foundation\\{closure}()
#24 /home/rania/Desktop/Financial-Tracker-App/backend/vendor/laravel/framework/src/Illuminate/Foundation/Application.php(849): array_walk()
#25 /home/rania/Desktop/Financial-Tracker-App/backend/vendor/laravel/framework/src/Illuminate/Foundation/Bootstrap/BootProviders.php(17): Illuminate\\Foundation\\Application->boot()
#26 /home/rania/Desktop/Financial-Tracker-App/backend/vendor/laravel/framework/src/Illuminate/Foundation/Application.php(228): Illuminate\\Foundation\\Bootstrap\\BootProviders->bootstrap()
#27 /home/rania/Desktop/Financial-Tracker-App/backend/vendor/laravel/framework/src/Illuminate/Foundation/Http/Kernel.php(151): Illuminate\\Foundation\\Application->bootstrapWith()
#28 /home/rania/Desktop/Financial-Tracker-App/backend/vendor/laravel/framework/src/Illuminate/Foundation/Http/Kernel.php(135): Illuminate\\Foundation\\Http\\Kernel->bootstrap()
#29 /home/rania/Desktop/Financial-Tracker-App/backend/vendor/laravel/framework/src/Illuminate/Foundation/Http/Kernel.php(109): Illuminate\\Foundation\\Http\\Kernel->sendRequestThroughRouter()
#30 /home/rania/Desktop/Financial-Tracker-App/backend/public/index.php(55): Illuminate\\Foundation\\Http\\Kernel->handle()
#31 /home/rania/Desktop/Financial-Tracker-App/backend/server.php(21): require_once('/home/rania/Des...')
#32 {main}
"} 
[2020-03-27 13:19:52] local.ERROR: Call to undefined function get() {"exception":"[object] (Error(code: 0): Call to undefined function get() at /home/rania/Desktop/Financial-Tracker-App/backend/routes/web.php:20)
[stacktrace]
#0 /home/rania/Desktop/Financial-Tracker-App/backend/vendor/laravel/framework/src/Illuminate/Routing/RouteFileRegistrar.php(35): require()
#1 /home/rania/Desktop/Financial-Tracker-App/backend/vendor/laravel/framework/src/Illuminate/Routing/Router.php(416): Illuminate\\Routing\\RouteFileRegistrar->register()
#2 /home/rania/Desktop/Financial-Tracker-App/backend/vendor/laravel/framework/src/Illuminate/Routing/Router.php(374): Illuminate\\Routing\\Router->loadRoutes()
#3 /home/rania/Desktop/Financial-Tracker-App/backend/vendor/laravel/framework/src/Illuminate/Routing/RouteRegistrar.php(134): Illuminate\\Routing\\Router->group()
#4 /home/rania/Desktop/Financial-Tracker-App/backend/app/Providers/RouteServiceProvider.php(63): Illuminate\\Routing\\RouteRegistrar->group()
#5 /home/rania/Desktop/Financial-Tracker-App/backend/app/Providers/RouteServiceProvider.php(47): App\\Providers\\RouteServiceProvider->mapWebRoutes()
#6 [internal function]: App\\Providers\\RouteServiceProvider->map()
#7 /home/rania/Desktop/Financial-Tracker-App/backend/vendor/laravel/framework/src/Illuminate/Container/BoundMethod.php(32): call_user_func_array()
#8 /home/rania/Desktop/Financial-Tracker-App/backend/vendor/laravel/framework/src/Illuminate/Container/Util.php(36): Illuminate\\Container\\BoundMethod::Illuminate\\Container\\{closure}()
#9 /home/rania/Desktop/Financial-Tracker-App/backend/vendor/laravel/framework/src/Illuminate/Container/BoundMethod.php(90): Illuminate\\Container\\Util::unwrapIfClosure()
#10 /home/rania/Desktop/Financial-Tracker-App/backend/vendor/laravel/framework/src/Illuminate/Container/BoundMethod.php(34): Illuminate\\Container\\BoundMethod::callBoundMethod()
#11 /home/rania/Desktop/Financial-Tracker-App/backend/vendor/laravel/framework/src/Illuminate/Container/Container.php(592): Illuminate\\Container\\BoundMethod::call()
#12 /home/rania/Desktop/Financial-Tracker-App/backend/vendor/laravel/framework/src/Illuminate/Foundation/Support/Providers/RouteServiceProvider.php(87): Illuminate\\Container\\Container->call()
#13 /home/rania/Desktop/Financial-Tracker-App/backend/vendor/laravel/framework/src/Illuminate/Foundation/Support/Providers/RouteServiceProvider.php(36): Illuminate\\Foundation\\Support\\Providers\\RouteServiceProvider->loadRoutes()
#14 /home/rania/Desktop/Financial-Tracker-App/backend/app/Providers/RouteServiceProvider.php(35): Illuminate\\Foundation\\Support\\Providers\\RouteServiceProvider->boot()
#15 [internal function]: App\\Providers\\RouteServiceProvider->boot()
#16 /home/rania/Desktop/Financial-Tracker-App/backend/vendor/laravel/framework/src/Illuminate/Container/BoundMethod.php(32): call_user_func_array()
#17 /home/rania/Desktop/Financial-Tracker-App/backend/vendor/laravel/framework/src/Illuminate/Container/Util.php(36): Illuminate\\Container\\BoundMethod::Illuminate\\Container\\{closure}()
#18 /home/rania/Desktop/Financial-Tracker-App/backend/vendor/laravel/framework/src/Illuminate/Container/BoundMethod.php(90): Illuminate\\Container\\Util::unwrapIfClosure()
#19 /home/rania/Desktop/Financial-Tracker-App/backend/vendor/laravel/framework/src/Illuminate/Container/BoundMethod.php(34): Illuminate\\Container\\BoundMethod::callBoundMethod()
#20 /home/rania/Desktop/Financial-Tracker-App/backend/vendor/laravel/framework/src/Illuminate/Container/Container.php(592): Illuminate\\Container\\BoundMethod::call()
#21 /home/rania/Desktop/Financial-Tracker-App/backend/vendor/laravel/framework/src/Illuminate/Foundation/Application.php(865): Illuminate\\Container\\Container->call()
#22 /home/rania/Desktop/Financial-Tracker-App/backend/vendor/laravel/framework/src/Illuminate/Foundation/Application.php(848): Illuminate\\Foundation\\Application->bootProvider()
#23 [internal function]: Illuminate\\Foundation\\Application->Illuminate\\Foundation\\{closure}()
#24 /home/rania/Desktop/Financial-Tracker-App/backend/vendor/laravel/framework/src/Illuminate/Foundation/Application.php(849): array_walk()
#25 /home/rania/Desktop/Financial-Tracker-App/backend/vendor/laravel/framework/src/Illuminate/Foundation/Bootstrap/BootProviders.php(17): Illuminate\\Foundation\\Application->boot()
#26 /home/rania/Desktop/Financial-Tracker-App/backend/vendor/laravel/framework/src/Illuminate/Foundation/Application.php(228): Illuminate\\Foundation\\Bootstrap\\BootProviders->bootstrap()
#27 /home/rania/Desktop/Financial-Tracker-App/backend/vendor/laravel/framework/src/Illuminate/Foundation/Http/Kernel.php(151): Illuminate\\Foundation\\Application->bootstrapWith()
#28 /home/rania/Desktop/Financial-Tracker-App/backend/vendor/laravel/framework/src/Illuminate/Foundation/Http/Kernel.php(135): Illuminate\\Foundation\\Http\\Kernel->bootstrap()
#29 /home/rania/Desktop/Financial-Tracker-App/backend/vendor/laravel/framework/src/Illuminate/Foundation/Http/Kernel.php(109): Illuminate\\Foundation\\Http\\Kernel->sendRequestThroughRouter()
#30 /home/rania/Desktop/Financial-Tracker-App/backend/public/index.php(55): Illuminate\\Foundation\\Http\\Kernel->handle()
#31 /home/rania/Desktop/Financial-Tracker-App/backend/server.php(21): require_once('/home/rania/Des...')
#32 {main}
"} 
[2020-03-27 13:19:55] local.ERROR: Call to undefined function get() {"exception":"[object] (Error(code: 0): Call to undefined function get() at /home/rania/Desktop/Financial-Tracker-App/backend/routes/web.php:20)
[stacktrace]
#0 /home/rania/Desktop/Financial-Tracker-App/backend/vendor/laravel/framework/src/Illuminate/Routing/RouteFileRegistrar.php(35): require()
#1 /home/rania/Desktop/Financial-Tracker-App/backend/vendor/laravel/framework/src/Illuminate/Routing/Router.php(416): Illuminate\\Routing\\RouteFileRegistrar->register()
#2 /home/rania/Desktop/Financial-Tracker-App/backend/vendor/laravel/framework/src/Illuminate/Routing/Router.php(374): Illuminate\\Routing\\Router->loadRoutes()
#3 /home/rania/Desktop/Financial-Tracker-App/backend/vendor/laravel/framework/src/Illuminate/Routing/RouteRegistrar.php(134): Illuminate\\Routing\\Router->group()
#4 /home/rania/Desktop/Financial-Tracker-App/backend/app/Providers/RouteServiceProvider.php(63): Illuminate\\Routing\\RouteRegistrar->group()
#5 /home/rania/Desktop/Financial-Tracker-App/backend/app/Providers/RouteServiceProvider.php(47): App\\Providers\\RouteServiceProvider->mapWebRoutes()
#6 [internal function]: App\\Providers\\RouteServiceProvider->map()
#7 /home/rania/Desktop/Financial-Tracker-App/backend/vendor/laravel/framework/src/Illuminate/Container/BoundMethod.php(32): call_user_func_array()
#8 /home/rania/Desktop/Financial-Tracker-App/backend/vendor/laravel/framework/src/Illuminate/Container/Util.php(36): Illuminate\\Container\\BoundMethod::Illuminate\\Container\\{closure}()
#9 /home/rania/Desktop/Financial-Tracker-App/backend/vendor/laravel/framework/src/Illuminate/Container/BoundMethod.php(90): Illuminate\\Container\\Util::unwrapIfClosure()
#10 /home/rania/Desktop/Financial-Tracker-App/backend/vendor/laravel/framework/src/Illuminate/Container/BoundMethod.php(34): Illuminate\\Container\\BoundMethod::callBoundMethod()
#11 /home/rania/Desktop/Financial-Tracker-App/backend/vendor/laravel/framework/src/Illuminate/Container/Container.php(592): Illuminate\\Container\\BoundMethod::call()
#12 /home/rania/Desktop/Financial-Tracker-App/backend/vendor/laravel/framework/src/Illuminate/Foundation/Support/Providers/RouteServiceProvider.php(87): Illuminate\\Container\\Container->call()
#13 /home/rania/Desktop/Financial-Tracker-App/backend/vendor/laravel/framework/src/Illuminate/Foundation/Support/Providers/RouteServiceProvider.php(36): Illuminate\\Foundation\\Support\\Providers\\RouteServiceProvider->loadRoutes()
#14 /home/rania/Desktop/Financial-Tracker-App/backend/app/Providers/RouteServiceProvider.php(35): Illuminate\\Foundation\\Support\\Providers\\RouteServiceProvider->boot()
#15 [internal function]: App\\Providers\\RouteServiceProvider->boot()
#16 /home/rania/Desktop/Financial-Tracker-App/backend/vendor/laravel/framework/src/Illuminate/Container/BoundMethod.php(32): call_user_func_array()
#17 /home/rania/Desktop/Financial-Tracker-App/backend/vendor/laravel/framework/src/Illuminate/Container/Util.php(36): Illuminate\\Container\\BoundMethod::Illuminate\\Container\\{closure}()
#18 /home/rania/Desktop/Financial-Tracker-App/backend/vendor/laravel/framework/src/Illuminate/Container/BoundMethod.php(90): Illuminate\\Container\\Util::unwrapIfClosure()
#19 /home/rania/Desktop/Financial-Tracker-App/backend/vendor/laravel/framework/src/Illuminate/Container/BoundMethod.php(34): Illuminate\\Container\\BoundMethod::callBoundMethod()
#20 /home/rania/Desktop/Financial-Tracker-App/backend/vendor/laravel/framework/src/Illuminate/Container/Container.php(592): Illuminate\\Container\\BoundMethod::call()
#21 /home/rania/Desktop/Financial-Tracker-App/backend/vendor/laravel/framework/src/Illuminate/Foundation/Application.php(865): Illuminate\\Container\\Container->call()
#22 /home/rania/Desktop/Financial-Tracker-App/backend/vendor/laravel/framework/src/Illuminate/Foundation/Application.php(848): Illuminate\\Foundation\\Application->bootProvider()
#23 [internal function]: Illuminate\\Foundation\\Application->Illuminate\\Foundation\\{closure}()
#24 /home/rania/Desktop/Financial-Tracker-App/backend/vendor/laravel/framework/src/Illuminate/Foundation/Application.php(849): array_walk()
#25 /home/rania/Desktop/Financial-Tracker-App/backend/vendor/laravel/framework/src/Illuminate/Foundation/Bootstrap/BootProviders.php(17): Illuminate\\Foundation\\Application->boot()
#26 /home/rania/Desktop/Financial-Tracker-App/backend/vendor/laravel/framework/src/Illuminate/Foundation/Application.php(228): Illuminate\\Foundation\\Bootstrap\\BootProviders->bootstrap()
#27 /home/rania/Desktop/Financial-Tracker-App/backend/vendor/laravel/framework/src/Illuminate/Foundation/Http/Kernel.php(151): Illuminate\\Foundation\\Application->bootstrapWith()
#28 /home/rania/Desktop/Financial-Tracker-App/backend/vendor/laravel/framework/src/Illuminate/Foundation/Http/Kernel.php(135): Illuminate\\Foundation\\Http\\Kernel->bootstrap()
#29 /home/rania/Desktop/Financial-Tracker-App/backend/vendor/laravel/framework/src/Illuminate/Foundation/Http/Kernel.php(109): Illuminate\\Foundation\\Http\\Kernel->sendRequestThroughRouter()
#30 /home/rania/Desktop/Financial-Tracker-App/backend/public/index.php(55): Illuminate\\Foundation\\Http\\Kernel->handle()
#31 /home/rania/Desktop/Financial-Tracker-App/backend/server.php(21): require_once('/home/rania/Des...')
#32 {main}
"} 
[2020-03-27 13:25:04] local.ERROR: Call to undefined function get() {"exception":"[object] (Error(code: 0): Call to undefined function get() at /home/rania/Desktop/Financial-Tracker-App/backend/routes/web.php:20)
[stacktrace]
#0 /home/rania/Desktop/Financial-Tracker-App/backend/vendor/laravel/framework/src/Illuminate/Routing/RouteFileRegistrar.php(35): require()
#1 /home/rania/Desktop/Financial-Tracker-App/backend/vendor/laravel/framework/src/Illuminate/Routing/Router.php(416): Illuminate\\Routing\\RouteFileRegistrar->register()
#2 /home/rania/Desktop/Financial-Tracker-App/backend/vendor/laravel/framework/src/Illuminate/Routing/Router.php(374): Illuminate\\Routing\\Router->loadRoutes()
#3 /home/rania/Desktop/Financial-Tracker-App/backend/vendor/laravel/framework/src/Illuminate/Routing/RouteRegistrar.php(134): Illuminate\\Routing\\Router->group()
#4 /home/rania/Desktop/Financial-Tracker-App/backend/app/Providers/RouteServiceProvider.php(63): Illuminate\\Routing\\RouteRegistrar->group()
#5 /home/rania/Desktop/Financial-Tracker-App/backend/app/Providers/RouteServiceProvider.php(47): App\\Providers\\RouteServiceProvider->mapWebRoutes()
#6 [internal function]: App\\Providers\\RouteServiceProvider->map()
#7 /home/rania/Desktop/Financial-Tracker-App/backend/vendor/laravel/framework/src/Illuminate/Container/BoundMethod.php(32): call_user_func_array()
#8 /home/rania/Desktop/Financial-Tracker-App/backend/vendor/laravel/framework/src/Illuminate/Container/Util.php(36): Illuminate\\Container\\BoundMethod::Illuminate\\Container\\{closure}()
#9 /home/rania/Desktop/Financial-Tracker-App/backend/vendor/laravel/framework/src/Illuminate/Container/BoundMethod.php(90): Illuminate\\Container\\Util::unwrapIfClosure()
#10 /home/rania/Desktop/Financial-Tracker-App/backend/vendor/laravel/framework/src/Illuminate/Container/BoundMethod.php(34): Illuminate\\Container\\BoundMethod::callBoundMethod()
#11 /home/rania/Desktop/Financial-Tracker-App/backend/vendor/laravel/framework/src/Illuminate/Container/Container.php(592): Illuminate\\Container\\BoundMethod::call()
#12 /home/rania/Desktop/Financial-Tracker-App/backend/vendor/laravel/framework/src/Illuminate/Foundation/Support/Providers/RouteServiceProvider.php(87): Illuminate\\Container\\Container->call()
#13 /home/rania/Desktop/Financial-Tracker-App/backend/vendor/laravel/framework/src/Illuminate/Foundation/Support/Providers/RouteServiceProvider.php(36): Illuminate\\Foundation\\Support\\Providers\\RouteServiceProvider->loadRoutes()
#14 /home/rania/Desktop/Financial-Tracker-App/backend/app/Providers/RouteServiceProvider.php(35): Illuminate\\Foundation\\Support\\Providers\\RouteServiceProvider->boot()
#15 [internal function]: App\\Providers\\RouteServiceProvider->boot()
#16 /home/rania/Desktop/Financial-Tracker-App/backend/vendor/laravel/framework/src/Illuminate/Container/BoundMethod.php(32): call_user_func_array()
#17 /home/rania/Desktop/Financial-Tracker-App/backend/vendor/laravel/framework/src/Illuminate/Container/Util.php(36): Illuminate\\Container\\BoundMethod::Illuminate\\Container\\{closure}()
#18 /home/rania/Desktop/Financial-Tracker-App/backend/vendor/laravel/framework/src/Illuminate/Container/BoundMethod.php(90): Illuminate\\Container\\Util::unwrapIfClosure()
#19 /home/rania/Desktop/Financial-Tracker-App/backend/vendor/laravel/framework/src/Illuminate/Container/BoundMethod.php(34): Illuminate\\Container\\BoundMethod::callBoundMethod()
#20 /home/rania/Desktop/Financial-Tracker-App/backend/vendor/laravel/framework/src/Illuminate/Container/Container.php(592): Illuminate\\Container\\BoundMethod::call()
#21 /home/rania/Desktop/Financial-Tracker-App/backend/vendor/laravel/framework/src/Illuminate/Foundation/Application.php(865): Illuminate\\Container\\Container->call()
#22 /home/rania/Desktop/Financial-Tracker-App/backend/vendor/laravel/framework/src/Illuminate/Foundation/Application.php(848): Illuminate\\Foundation\\Application->bootProvider()
#23 [internal function]: Illuminate\\Foundation\\Application->Illuminate\\Foundation\\{closure}()
#24 /home/rania/Desktop/Financial-Tracker-App/backend/vendor/laravel/framework/src/Illuminate/Foundation/Application.php(849): array_walk()
#25 /home/rania/Desktop/Financial-Tracker-App/backend/vendor/laravel/framework/src/Illuminate/Foundation/Bootstrap/BootProviders.php(17): Illuminate\\Foundation\\Application->boot()
#26 /home/rania/Desktop/Financial-Tracker-App/backend/vendor/laravel/framework/src/Illuminate/Foundation/Application.php(228): Illuminate\\Foundation\\Bootstrap\\BootProviders->bootstrap()
#27 /home/rania/Desktop/Financial-Tracker-App/backend/vendor/laravel/framework/src/Illuminate/Foundation/Http/Kernel.php(151): Illuminate\\Foundation\\Application->bootstrapWith()
#28 /home/rania/Desktop/Financial-Tracker-App/backend/vendor/laravel/framework/src/Illuminate/Foundation/Http/Kernel.php(135): Illuminate\\Foundation\\Http\\Kernel->bootstrap()
#29 /home/rania/Desktop/Financial-Tracker-App/backend/vendor/laravel/framework/src/Illuminate/Foundation/Http/Kernel.php(109): Illuminate\\Foundation\\Http\\Kernel->sendRequestThroughRouter()
#30 /home/rania/Desktop/Financial-Tracker-App/backend/public/index.php(55): Illuminate\\Foundation\\Http\\Kernel->handle()
#31 /home/rania/Desktop/Financial-Tracker-App/backend/server.php(21): require_once('/home/rania/Des...')
#32 {main}
"} 
[2020-03-27 13:25:12] local.ERROR: Call to undefined function get() {"exception":"[object] (Error(code: 0): Call to undefined function get() at /home/rania/Desktop/Financial-Tracker-App/backend/routes/web.php:20)
[stacktrace]
#0 /home/rania/Desktop/Financial-Tracker-App/backend/vendor/laravel/framework/src/Illuminate/Routing/RouteFileRegistrar.php(35): require()
#1 /home/rania/Desktop/Financial-Tracker-App/backend/vendor/laravel/framework/src/Illuminate/Routing/Router.php(416): Illuminate\\Routing\\RouteFileRegistrar->register()
#2 /home/rania/Desktop/Financial-Tracker-App/backend/vendor/laravel/framework/src/Illuminate/Routing/Router.php(374): Illuminate\\Routing\\Router->loadRoutes()
#3 /home/rania/Desktop/Financial-Tracker-App/backend/vendor/laravel/framework/src/Illuminate/Routing/RouteRegistrar.php(134): Illuminate\\Routing\\Router->group()
#4 /home/rania/Desktop/Financial-Tracker-App/backend/app/Providers/RouteServiceProvider.php(63): Illuminate\\Routing\\RouteRegistrar->group()
#5 /home/rania/Desktop/Financial-Tracker-App/backend/app/Providers/RouteServiceProvider.php(47): App\\Providers\\RouteServiceProvider->mapWebRoutes()
#6 [internal function]: App\\Providers\\RouteServiceProvider->map()
#7 /home/rania/Desktop/Financial-Tracker-App/backend/vendor/laravel/framework/src/Illuminate/Container/BoundMethod.php(32): call_user_func_array()
#8 /home/rania/Desktop/Financial-Tracker-App/backend/vendor/laravel/framework/src/Illuminate/Container/Util.php(36): Illuminate\\Container\\BoundMethod::Illuminate\\Container\\{closure}()
#9 /home/rania/Desktop/Financial-Tracker-App/backend/vendor/laravel/framework/src/Illuminate/Container/BoundMethod.php(90): Illuminate\\Container\\Util::unwrapIfClosure()
#10 /home/rania/Desktop/Financial-Tracker-App/backend/vendor/laravel/framework/src/Illuminate/Container/BoundMethod.php(34): Illuminate\\Container\\BoundMethod::callBoundMethod()
#11 /home/rania/Desktop/Financial-Tracker-App/backend/vendor/laravel/framework/src/Illuminate/Container/Container.php(592): Illuminate\\Container\\BoundMethod::call()
#12 /home/rania/Desktop/Financial-Tracker-App/backend/vendor/laravel/framework/src/Illuminate/Foundation/Support/Providers/RouteServiceProvider.php(87): Illuminate\\Container\\Container->call()
#13 /home/rania/Desktop/Financial-Tracker-App/backend/vendor/laravel/framework/src/Illuminate/Foundation/Support/Providers/RouteServiceProvider.php(36): Illuminate\\Foundation\\Support\\Providers\\RouteServiceProvider->loadRoutes()
#14 /home/rania/Desktop/Financial-Tracker-App/backend/app/Providers/RouteServiceProvider.php(35): Illuminate\\Foundation\\Support\\Providers\\RouteServiceProvider->boot()
#15 [internal function]: App\\Providers\\RouteServiceProvider->boot()
#16 /home/rania/Desktop/Financial-Tracker-App/backend/vendor/laravel/framework/src/Illuminate/Container/BoundMethod.php(32): call_user_func_array()
#17 /home/rania/Desktop/Financial-Tracker-App/backend/vendor/laravel/framework/src/Illuminate/Container/Util.php(36): Illuminate\\Container\\BoundMethod::Illuminate\\Container\\{closure}()
#18 /home/rania/Desktop/Financial-Tracker-App/backend/vendor/laravel/framework/src/Illuminate/Container/BoundMethod.php(90): Illuminate\\Container\\Util::unwrapIfClosure()
#19 /home/rania/Desktop/Financial-Tracker-App/backend/vendor/laravel/framework/src/Illuminate/Container/BoundMethod.php(34): Illuminate\\Container\\BoundMethod::callBoundMethod()
#20 /home/rania/Desktop/Financial-Tracker-App/backend/vendor/laravel/framework/src/Illuminate/Container/Container.php(592): Illuminate\\Container\\BoundMethod::call()
#21 /home/rania/Desktop/Financial-Tracker-App/backend/vendor/laravel/framework/src/Illuminate/Foundation/Application.php(865): Illuminate\\Container\\Container->call()
#22 /home/rania/Desktop/Financial-Tracker-App/backend/vendor/laravel/framework/src/Illuminate/Foundation/Application.php(848): Illuminate\\Foundation\\Application->bootProvider()
#23 [internal function]: Illuminate\\Foundation\\Application->Illuminate\\Foundation\\{closure}()
#24 /home/rania/Desktop/Financial-Tracker-App/backend/vendor/laravel/framework/src/Illuminate/Foundation/Application.php(849): array_walk()
#25 /home/rania/Desktop/Financial-Tracker-App/backend/vendor/laravel/framework/src/Illuminate/Foundation/Bootstrap/BootProviders.php(17): Illuminate\\Foundation\\Application->boot()
#26 /home/rania/Desktop/Financial-Tracker-App/backend/vendor/laravel/framework/src/Illuminate/Foundation/Application.php(228): Illuminate\\Foundation\\Bootstrap\\BootProviders->bootstrap()
#27 /home/rania/Desktop/Financial-Tracker-App/backend/vendor/laravel/framework/src/Illuminate/Foundation/Http/Kernel.php(151): Illuminate\\Foundation\\Application->bootstrapWith()
#28 /home/rania/Desktop/Financial-Tracker-App/backend/vendor/laravel/framework/src/Illuminate/Foundation/Http/Kernel.php(135): Illuminate\\Foundation\\Http\\Kernel->bootstrap()
#29 /home/rania/Desktop/Financial-Tracker-App/backend/vendor/laravel/framework/src/Illuminate/Foundation/Http/Kernel.php(109): Illuminate\\Foundation\\Http\\Kernel->sendRequestThroughRouter()
#30 /home/rania/Desktop/Financial-Tracker-App/backend/public/index.php(55): Illuminate\\Foundation\\Http\\Kernel->handle()
#31 /home/rania/Desktop/Financial-Tracker-App/backend/server.php(21): require_once('/home/rania/Des...')
#32 {main}
"} 
[2020-03-27 13:26:17] local.ERROR: Call to undefined function get() {"exception":"[object] (Error(code: 0): Call to undefined function get() at /home/rania/Desktop/Financial-Tracker-App/backend/routes/web.php:20)
[stacktrace]
#0 /home/rania/Desktop/Financial-Tracker-App/backend/vendor/laravel/framework/src/Illuminate/Routing/RouteFileRegistrar.php(35): require()
#1 /home/rania/Desktop/Financial-Tracker-App/backend/vendor/laravel/framework/src/Illuminate/Routing/Router.php(416): Illuminate\\Routing\\RouteFileRegistrar->register()
#2 /home/rania/Desktop/Financial-Tracker-App/backend/vendor/laravel/framework/src/Illuminate/Routing/Router.php(374): Illuminate\\Routing\\Router->loadRoutes()
#3 /home/rania/Desktop/Financial-Tracker-App/backend/vendor/laravel/framework/src/Illuminate/Routing/RouteRegistrar.php(134): Illuminate\\Routing\\Router->group()
#4 /home/rania/Desktop/Financial-Tracker-App/backend/app/Providers/RouteServiceProvider.php(63): Illuminate\\Routing\\RouteRegistrar->group()
#5 /home/rania/Desktop/Financial-Tracker-App/backend/app/Providers/RouteServiceProvider.php(47): App\\Providers\\RouteServiceProvider->mapWebRoutes()
#6 [internal function]: App\\Providers\\RouteServiceProvider->map()
#7 /home/rania/Desktop/Financial-Tracker-App/backend/vendor/laravel/framework/src/Illuminate/Container/BoundMethod.php(32): call_user_func_array()
#8 /home/rania/Desktop/Financial-Tracker-App/backend/vendor/laravel/framework/src/Illuminate/Container/Util.php(36): Illuminate\\Container\\BoundMethod::Illuminate\\Container\\{closure}()
#9 /home/rania/Desktop/Financial-Tracker-App/backend/vendor/laravel/framework/src/Illuminate/Container/BoundMethod.php(90): Illuminate\\Container\\Util::unwrapIfClosure()
#10 /home/rania/Desktop/Financial-Tracker-App/backend/vendor/laravel/framework/src/Illuminate/Container/BoundMethod.php(34): Illuminate\\Container\\BoundMethod::callBoundMethod()
#11 /home/rania/Desktop/Financial-Tracker-App/backend/vendor/laravel/framework/src/Illuminate/Container/Container.php(592): Illuminate\\Container\\BoundMethod::call()
#12 /home/rania/Desktop/Financial-Tracker-App/backend/vendor/laravel/framework/src/Illuminate/Foundation/Support/Providers/RouteServiceProvider.php(87): Illuminate\\Container\\Container->call()
#13 /home/rania/Desktop/Financial-Tracker-App/backend/vendor/laravel/framework/src/Illuminate/Foundation/Support/Providers/RouteServiceProvider.php(36): Illuminate\\Foundation\\Support\\Providers\\RouteServiceProvider->loadRoutes()
#14 /home/rania/Desktop/Financial-Tracker-App/backend/app/Providers/RouteServiceProvider.php(35): Illuminate\\Foundation\\Support\\Providers\\RouteServiceProvider->boot()
#15 [internal function]: App\\Providers\\RouteServiceProvider->boot()
#16 /home/rania/Desktop/Financial-Tracker-App/backend/vendor/laravel/framework/src/Illuminate/Container/BoundMethod.php(32): call_user_func_array()
#17 /home/rania/Desktop/Financial-Tracker-App/backend/vendor/laravel/framework/src/Illuminate/Container/Util.php(36): Illuminate\\Container\\BoundMethod::Illuminate\\Container\\{closure}()
#18 /home/rania/Desktop/Financial-Tracker-App/backend/vendor/laravel/framework/src/Illuminate/Container/BoundMethod.php(90): Illuminate\\Container\\Util::unwrapIfClosure()
#19 /home/rania/Desktop/Financial-Tracker-App/backend/vendor/laravel/framework/src/Illuminate/Container/BoundMethod.php(34): Illuminate\\Container\\BoundMethod::callBoundMethod()
#20 /home/rania/Desktop/Financial-Tracker-App/backend/vendor/laravel/framework/src/Illuminate/Container/Container.php(592): Illuminate\\Container\\BoundMethod::call()
#21 /home/rania/Desktop/Financial-Tracker-App/backend/vendor/laravel/framework/src/Illuminate/Foundation/Application.php(865): Illuminate\\Container\\Container->call()
#22 /home/rania/Desktop/Financial-Tracker-App/backend/vendor/laravel/framework/src/Illuminate/Foundation/Application.php(848): Illuminate\\Foundation\\Application->bootProvider()
#23 [internal function]: Illuminate\\Foundation\\Application->Illuminate\\Foundation\\{closure}()
#24 /home/rania/Desktop/Financial-Tracker-App/backend/vendor/laravel/framework/src/Illuminate/Foundation/Application.php(849): array_walk()
#25 /home/rania/Desktop/Financial-Tracker-App/backend/vendor/laravel/framework/src/Illuminate/Foundation/Bootstrap/BootProviders.php(17): Illuminate\\Foundation\\Application->boot()
#26 /home/rania/Desktop/Financial-Tracker-App/backend/vendor/laravel/framework/src/Illuminate/Foundation/Application.php(228): Illuminate\\Foundation\\Bootstrap\\BootProviders->bootstrap()
#27 /home/rania/Desktop/Financial-Tracker-App/backend/vendor/laravel/framework/src/Illuminate/Foundation/Http/Kernel.php(151): Illuminate\\Foundation\\Application->bootstrapWith()
#28 /home/rania/Desktop/Financial-Tracker-App/backend/vendor/laravel/framework/src/Illuminate/Foundation/Http/Kernel.php(135): Illuminate\\Foundation\\Http\\Kernel->bootstrap()
#29 /home/rania/Desktop/Financial-Tracker-App/backend/vendor/laravel/framework/src/Illuminate/Foundation/Http/Kernel.php(109): Illuminate\\Foundation\\Http\\Kernel->sendRequestThroughRouter()
#30 /home/rania/Desktop/Financial-Tracker-App/backend/public/index.php(55): Illuminate\\Foundation\\Http\\Kernel->handle()
#31 /home/rania/Desktop/Financial-Tracker-App/backend/server.php(21): require_once('/home/rania/Des...')
#32 {main}
"} 
[2020-03-27 14:41:12] local.ERROR: Method App\Http\Controllers\SendDataController::messageToRania does not exist. {"exception":"[object] (BadMethodCallException(code: 0): Method App\\Http\\Controllers\\SendDataController::messageToRania does not exist. at /home/rania/Desktop/Financial-Tracker-App/backend/vendor/laravel/framework/src/Illuminate/Routing/Controller.php:68)
[stacktrace]
#0 [internal function]: Illuminate\\Routing\\Controller->__call()
#1 /home/rania/Desktop/Financial-Tracker-App/backend/vendor/laravel/framework/src/Illuminate/Routing/Controller.php(54): call_user_func_array()
#2 /home/rania/Desktop/Financial-Tracker-App/backend/vendor/laravel/framework/src/Illuminate/Routing/ControllerDispatcher.php(45): Illuminate\\Routing\\Controller->callAction()
#3 /home/rania/Desktop/Financial-Tracker-App/backend/vendor/laravel/framework/src/Illuminate/Routing/Route.php(225): Illuminate\\Routing\\ControllerDispatcher->dispatch()
#4 /home/rania/Desktop/Financial-Tracker-App/backend/vendor/laravel/framework/src/Illuminate/Routing/Route.php(182): Illuminate\\Routing\\Route->runController()
#5 /home/rania/Desktop/Financial-Tracker-App/backend/vendor/laravel/framework/src/Illuminate/Routing/Router.php(681): Illuminate\\Routing\\Route->run()
#6 /home/rania/Desktop/Financial-Tracker-App/backend/vendor/laravel/framework/src/Illuminate/Pipeline/Pipeline.php(128): Illuminate\\Routing\\Router->Illuminate\\Routing\\{closure}()
#7 /home/rania/Desktop/Financial-Tracker-App/backend/vendor/laravel/framework/src/Illuminate/Routing/Middleware/SubstituteBindings.php(41): Illuminate\\Pipeline\\Pipeline->Illuminate\\Pipeline\\{closure}()
#8 /home/rania/Desktop/Financial-Tracker-App/backend/vendor/laravel/framework/src/Illuminate/Pipeline/Pipeline.php(167): Illuminate\\Routing\\Middleware\\SubstituteBindings->handle()
#9 /home/rania/Desktop/Financial-Tracker-App/backend/vendor/laravel/framework/src/Illuminate/Foundation/Http/Middleware/VerifyCsrfToken.php(76): Illuminate\\Pipeline\\Pipeline->Illuminate\\Pipeline\\{closure}()
#10 /home/rania/Desktop/Financial-Tracker-App/backend/vendor/laravel/framework/src/Illuminate/Pipeline/Pipeline.php(167): Illuminate\\Foundation\\Http\\Middleware\\VerifyCsrfToken->handle()
#11 /home/rania/Desktop/Financial-Tracker-App/backend/vendor/laravel/framework/src/Illuminate/View/Middleware/ShareErrorsFromSession.php(49): Illuminate\\Pipeline\\Pipeline->Illuminate\\Pipeline\\{closure}()
#12 /home/rania/Desktop/Financial-Tracker-App/backend/vendor/laravel/framework/src/Illuminate/Pipeline/Pipeline.php(167): Illuminate\\View\\Middleware\\ShareErrorsFromSession->handle()
#13 /home/rania/Desktop/Financial-Tracker-App/backend/vendor/laravel/framework/src/Illuminate/Session/Middleware/StartSession.php(56): Illuminate\\Pipeline\\Pipeline->Illuminate\\Pipeline\\{closure}()
#14 /home/rania/Desktop/Financial-Tracker-App/backend/vendor/laravel/framework/src/Illuminate/Pipeline/Pipeline.php(167): Illuminate\\Session\\Middleware\\StartSession->handle()
#15 /home/rania/Desktop/Financial-Tracker-App/backend/vendor/laravel/framework/src/Illuminate/Cookie/Middleware/AddQueuedCookiesToResponse.php(37): Illuminate\\Pipeline\\Pipeline->Illuminate\\Pipeline\\{closure}()
#16 /home/rania/Desktop/Financial-Tracker-App/backend/vendor/laravel/framework/src/Illuminate/Pipeline/Pipeline.php(167): Illuminate\\Cookie\\Middleware\\AddQueuedCookiesToResponse->handle()
#17 /home/rania/Desktop/Financial-Tracker-App/backend/vendor/laravel/framework/src/Illuminate/Cookie/Middleware/EncryptCookies.php(66): Illuminate\\Pipeline\\Pipeline->Illuminate\\Pipeline\\{closure}()
#18 /home/rania/Desktop/Financial-Tracker-App/backend/vendor/laravel/framework/src/Illuminate/Pipeline/Pipeline.php(167): Illuminate\\Cookie\\Middleware\\EncryptCookies->handle()
#19 /home/rania/Desktop/Financial-Tracker-App/backend/vendor/laravel/framework/src/Illuminate/Pipeline/Pipeline.php(103): Illuminate\\Pipeline\\Pipeline->Illuminate\\Pipeline\\{closure}()
#20 /home/rania/Desktop/Financial-Tracker-App/backend/vendor/laravel/framework/src/Illuminate/Routing/Router.php(683): Illuminate\\Pipeline\\Pipeline->then()
#21 /home/rania/Desktop/Financial-Tracker-App/backend/vendor/laravel/framework/src/Illuminate/Routing/Router.php(658): Illuminate\\Routing\\Router->runRouteWithinStack()
#22 /home/rania/Desktop/Financial-Tracker-App/backend/vendor/laravel/framework/src/Illuminate/Routing/Router.php(624): Illuminate\\Routing\\Router->runRoute()
#23 /home/rania/Desktop/Financial-Tracker-App/backend/vendor/laravel/framework/src/Illuminate/Routing/Router.php(613): Illuminate\\Routing\\Router->dispatchToRoute()
#24 /home/rania/Desktop/Financial-Tracker-App/backend/vendor/laravel/framework/src/Illuminate/Foundation/Http/Kernel.php(165): Illuminate\\Routing\\Router->dispatch()
#25 /home/rania/Desktop/Financial-Tracker-App/backend/vendor/laravel/framework/src/Illuminate/Pipeline/Pipeline.php(128): Illuminate\\Foundation\\Http\\Kernel->Illuminate\\Foundation\\Http\\{closure}()
#26 /home/rania/Desktop/Financial-Tracker-App/backend/vendor/laravel/framework/src/Illuminate/Foundation/Http/Middleware/TransformsRequest.php(21): Illuminate\\Pipeline\\Pipeline->Illuminate\\Pipeline\\{closure}()
#27 /home/rania/Desktop/Financial-Tracker-App/backend/vendor/laravel/framework/src/Illuminate/Pipeline/Pipeline.php(167): Illuminate\\Foundation\\Http\\Middleware\\TransformsRequest->handle()
#28 /home/rania/Desktop/Financial-Tracker-App/backend/vendor/laravel/framework/src/Illuminate/Foundation/Http/Middleware/TransformsRequest.php(21): Illuminate\\Pipeline\\Pipeline->Illuminate\\Pipeline\\{closure}()
#29 /home/rania/Desktop/Financial-Tracker-App/backend/vendor/laravel/framework/src/Illuminate/Pipeline/Pipeline.php(167): Illuminate\\Foundation\\Http\\Middleware\\TransformsRequest->handle()
#30 /home/rania/Desktop/Financial-Tracker-App/backend/vendor/laravel/framework/src/Illuminate/Foundation/Http/Middleware/ValidatePostSize.php(27): Illuminate\\Pipeline\\Pipeline->Illuminate\\Pipeline\\{closure}()
#31 /home/rania/Desktop/Financial-Tracker-App/backend/vendor/laravel/framework/src/Illuminate/Pipeline/Pipeline.php(167): Illuminate\\Foundation\\Http\\Middleware\\ValidatePostSize->handle()
#32 /home/rania/Desktop/Financial-Tracker-App/backend/vendor/laravel/framework/src/Illuminate/Foundation/Http/Middleware/CheckForMaintenanceMode.php(63): Illuminate\\Pipeline\\Pipeline->Illuminate\\Pipeline\\{closure}()
#33 /home/rania/Desktop/Financial-Tracker-App/backend/vendor/laravel/framework/src/Illuminate/Pipeline/Pipeline.php(167): Illuminate\\Foundation\\Http\\Middleware\\CheckForMaintenanceMode->handle()
#34 /home/rania/Desktop/Financial-Tracker-App/backend/vendor/fruitcake/laravel-cors/src/HandleCors.php(36): Illuminate\\Pipeline\\Pipeline->Illuminate\\Pipeline\\{closure}()
#35 /home/rania/Desktop/Financial-Tracker-App/backend/vendor/laravel/framework/src/Illuminate/Pipeline/Pipeline.php(167): Fruitcake\\Cors\\HandleCors->handle()
#36 /home/rania/Desktop/Financial-Tracker-App/backend/vendor/fideloper/proxy/src/TrustProxies.php(57): Illuminate\\Pipeline\\Pipeline->Illuminate\\Pipeline\\{closure}()
#37 /home/rania/Desktop/Financial-Tracker-App/backend/vendor/laravel/framework/src/Illuminate/Pipeline/Pipeline.php(167): Fideloper\\Proxy\\TrustProxies->handle()
#38 /home/rania/Desktop/Financial-Tracker-App/backend/vendor/laravel/framework/src/Illuminate/Pipeline/Pipeline.php(103): Illuminate\\Pipeline\\Pipeline->Illuminate\\Pipeline\\{closure}()
#39 /home/rania/Desktop/Financial-Tracker-App/backend/vendor/laravel/framework/src/Illuminate/Foundation/Http/Kernel.php(140): Illuminate\\Pipeline\\Pipeline->then()
#40 /home/rania/Desktop/Financial-Tracker-App/backend/vendor/laravel/framework/src/Illuminate/Foundation/Http/Kernel.php(109): Illuminate\\Foundation\\Http\\Kernel->sendRequestThroughRouter()
#41 /home/rania/Desktop/Financial-Tracker-App/backend/public/index.php(55): Illuminate\\Foundation\\Http\\Kernel->handle()
#42 /home/rania/Desktop/Financial-Tracker-App/backend/server.php(21): require_once('/home/rania/Des...')
#43 {main}
"} 
[2020-03-27 14:41:15] local.ERROR: Method App\Http\Controllers\SendDataController::messageToRania does not exist. {"exception":"[object] (BadMethodCallException(code: 0): Method App\\Http\\Controllers\\SendDataController::messageToRania does not exist. at /home/rania/Desktop/Financial-Tracker-App/backend/vendor/laravel/framework/src/Illuminate/Routing/Controller.php:68)
[stacktrace]
#0 [internal function]: Illuminate\\Routing\\Controller->__call()
#1 /home/rania/Desktop/Financial-Tracker-App/backend/vendor/laravel/framework/src/Illuminate/Routing/Controller.php(54): call_user_func_array()
#2 /home/rania/Desktop/Financial-Tracker-App/backend/vendor/laravel/framework/src/Illuminate/Routing/ControllerDispatcher.php(45): Illuminate\\Routing\\Controller->callAction()
#3 /home/rania/Desktop/Financial-Tracker-App/backend/vendor/laravel/framework/src/Illuminate/Routing/Route.php(225): Illuminate\\Routing\\ControllerDispatcher->dispatch()
#4 /home/rania/Desktop/Financial-Tracker-App/backend/vendor/laravel/framework/src/Illuminate/Routing/Route.php(182): Illuminate\\Routing\\Route->runController()
#5 /home/rania/Desktop/Financial-Tracker-App/backend/vendor/laravel/framework/src/Illuminate/Routing/Router.php(681): Illuminate\\Routing\\Route->run()
#6 /home/rania/Desktop/Financial-Tracker-App/backend/vendor/laravel/framework/src/Illuminate/Pipeline/Pipeline.php(128): Illuminate\\Routing\\Router->Illuminate\\Routing\\{closure}()
#7 /home/rania/Desktop/Financial-Tracker-App/backend/vendor/laravel/framework/src/Illuminate/Routing/Middleware/SubstituteBindings.php(41): Illuminate\\Pipeline\\Pipeline->Illuminate\\Pipeline\\{closure}()
#8 /home/rania/Desktop/Financial-Tracker-App/backend/vendor/laravel/framework/src/Illuminate/Pipeline/Pipeline.php(167): Illuminate\\Routing\\Middleware\\SubstituteBindings->handle()
#9 /home/rania/Desktop/Financial-Tracker-App/backend/vendor/laravel/framework/src/Illuminate/Foundation/Http/Middleware/VerifyCsrfToken.php(76): Illuminate\\Pipeline\\Pipeline->Illuminate\\Pipeline\\{closure}()
#10 /home/rania/Desktop/Financial-Tracker-App/backend/vendor/laravel/framework/src/Illuminate/Pipeline/Pipeline.php(167): Illuminate\\Foundation\\Http\\Middleware\\VerifyCsrfToken->handle()
#11 /home/rania/Desktop/Financial-Tracker-App/backend/vendor/laravel/framework/src/Illuminate/View/Middleware/ShareErrorsFromSession.php(49): Illuminate\\Pipeline\\Pipeline->Illuminate\\Pipeline\\{closure}()
#12 /home/rania/Desktop/Financial-Tracker-App/backend/vendor/laravel/framework/src/Illuminate/Pipeline/Pipeline.php(167): Illuminate\\View\\Middleware\\ShareErrorsFromSession->handle()
#13 /home/rania/Desktop/Financial-Tracker-App/backend/vendor/laravel/framework/src/Illuminate/Session/Middleware/StartSession.php(56): Illuminate\\Pipeline\\Pipeline->Illuminate\\Pipeline\\{closure}()
#14 /home/rania/Desktop/Financial-Tracker-App/backend/vendor/laravel/framework/src/Illuminate/Pipeline/Pipeline.php(167): Illuminate\\Session\\Middleware\\StartSession->handle()
#15 /home/rania/Desktop/Financial-Tracker-App/backend/vendor/laravel/framework/src/Illuminate/Cookie/Middleware/AddQueuedCookiesToResponse.php(37): Illuminate\\Pipeline\\Pipeline->Illuminate\\Pipeline\\{closure}()
#16 /home/rania/Desktop/Financial-Tracker-App/backend/vendor/laravel/framework/src/Illuminate/Pipeline/Pipeline.php(167): Illuminate\\Cookie\\Middleware\\AddQueuedCookiesToResponse->handle()
#17 /home/rania/Desktop/Financial-Tracker-App/backend/vendor/laravel/framework/src/Illuminate/Cookie/Middleware/EncryptCookies.php(66): Illuminate\\Pipeline\\Pipeline->Illuminate\\Pipeline\\{closure}()
#18 /home/rania/Desktop/Financial-Tracker-App/backend/vendor/laravel/framework/src/Illuminate/Pipeline/Pipeline.php(167): Illuminate\\Cookie\\Middleware\\EncryptCookies->handle()
#19 /home/rania/Desktop/Financial-Tracker-App/backend/vendor/laravel/framework/src/Illuminate/Pipeline/Pipeline.php(103): Illuminate\\Pipeline\\Pipeline->Illuminate\\Pipeline\\{closure}()
#20 /home/rania/Desktop/Financial-Tracker-App/backend/vendor/laravel/framework/src/Illuminate/Routing/Router.php(683): Illuminate\\Pipeline\\Pipeline->then()
#21 /home/rania/Desktop/Financial-Tracker-App/backend/vendor/laravel/framework/src/Illuminate/Routing/Router.php(658): Illuminate\\Routing\\Router->runRouteWithinStack()
#22 /home/rania/Desktop/Financial-Tracker-App/backend/vendor/laravel/framework/src/Illuminate/Routing/Router.php(624): Illuminate\\Routing\\Router->runRoute()
#23 /home/rania/Desktop/Financial-Tracker-App/backend/vendor/laravel/framework/src/Illuminate/Routing/Router.php(613): Illuminate\\Routing\\Router->dispatchToRoute()
#24 /home/rania/Desktop/Financial-Tracker-App/backend/vendor/laravel/framework/src/Illuminate/Foundation/Http/Kernel.php(165): Illuminate\\Routing\\Router->dispatch()
#25 /home/rania/Desktop/Financial-Tracker-App/backend/vendor/laravel/framework/src/Illuminate/Pipeline/Pipeline.php(128): Illuminate\\Foundation\\Http\\Kernel->Illuminate\\Foundation\\Http\\{closure}()
#26 /home/rania/Desktop/Financial-Tracker-App/backend/vendor/laravel/framework/src/Illuminate/Foundation/Http/Middleware/TransformsRequest.php(21): Illuminate\\Pipeline\\Pipeline->Illuminate\\Pipeline\\{closure}()
#27 /home/rania/Desktop/Financial-Tracker-App/backend/vendor/laravel/framework/src/Illuminate/Pipeline/Pipeline.php(167): Illuminate\\Foundation\\Http\\Middleware\\TransformsRequest->handle()
#28 /home/rania/Desktop/Financial-Tracker-App/backend/vendor/laravel/framework/src/Illuminate/Foundation/Http/Middleware/TransformsRequest.php(21): Illuminate\\Pipeline\\Pipeline->Illuminate\\Pipeline\\{closure}()
#29 /home/rania/Desktop/Financial-Tracker-App/backend/vendor/laravel/framework/src/Illuminate/Pipeline/Pipeline.php(167): Illuminate\\Foundation\\Http\\Middleware\\TransformsRequest->handle()
#30 /home/rania/Desktop/Financial-Tracker-App/backend/vendor/laravel/framework/src/Illuminate/Foundation/Http/Middleware/ValidatePostSize.php(27): Illuminate\\Pipeline\\Pipeline->Illuminate\\Pipeline\\{closure}()
#31 /home/rania/Desktop/Financial-Tracker-App/backend/vendor/laravel/framework/src/Illuminate/Pipeline/Pipeline.php(167): Illuminate\\Foundation\\Http\\Middleware\\ValidatePostSize->handle()
#32 /home/rania/Desktop/Financial-Tracker-App/backend/vendor/laravel/framework/src/Illuminate/Foundation/Http/Middleware/CheckForMaintenanceMode.php(63): Illuminate\\Pipeline\\Pipeline->Illuminate\\Pipeline\\{closure}()
#33 /home/rania/Desktop/Financial-Tracker-App/backend/vendor/laravel/framework/src/Illuminate/Pipeline/Pipeline.php(167): Illuminate\\Foundation\\Http\\Middleware\\CheckForMaintenanceMode->handle()
#34 /home/rania/Desktop/Financial-Tracker-App/backend/vendor/fruitcake/laravel-cors/src/HandleCors.php(36): Illuminate\\Pipeline\\Pipeline->Illuminate\\Pipeline\\{closure}()
#35 /home/rania/Desktop/Financial-Tracker-App/backend/vendor/laravel/framework/src/Illuminate/Pipeline/Pipeline.php(167): Fruitcake\\Cors\\HandleCors->handle()
#36 /home/rania/Desktop/Financial-Tracker-App/backend/vendor/fideloper/proxy/src/TrustProxies.php(57): Illuminate\\Pipeline\\Pipeline->Illuminate\\Pipeline\\{closure}()
#37 /home/rania/Desktop/Financial-Tracker-App/backend/vendor/laravel/framework/src/Illuminate/Pipeline/Pipeline.php(167): Fideloper\\Proxy\\TrustProxies->handle()
#38 /home/rania/Desktop/Financial-Tracker-App/backend/vendor/laravel/framework/src/Illuminate/Pipeline/Pipeline.php(103): Illuminate\\Pipeline\\Pipeline->Illuminate\\Pipeline\\{closure}()
#39 /home/rania/Desktop/Financial-Tracker-App/backend/vendor/laravel/framework/src/Illuminate/Foundation/Http/Kernel.php(140): Illuminate\\Pipeline\\Pipeline->then()
#40 /home/rania/Desktop/Financial-Tracker-App/backend/vendor/laravel/framework/src/Illuminate/Foundation/Http/Kernel.php(109): Illuminate\\Foundation\\Http\\Kernel->sendRequestThroughRouter()
#41 /home/rania/Desktop/Financial-Tracker-App/backend/public/index.php(55): Illuminate\\Foundation\\Http\\Kernel->handle()
#42 /home/rania/Desktop/Financial-Tracker-App/backend/server.php(21): require_once('/home/rania/Des...')
#43 {main}
"} 
[2020-03-28 10:25:46] local.ERROR: syntax error, unexpected '@', expecting ')' {"exception":"[object] (ParseError(code: 0): syntax error, unexpected '@', expecting ')' at /home/rania/Desktop/Financial-Tracker-App/backend/routes/api.php:20)
[stacktrace]
#0 /home/rania/Desktop/Financial-Tracker-App/backend/vendor/laravel/framework/src/Illuminate/Routing/Router.php(416): Illuminate\\Routing\\RouteFileRegistrar->register()
#1 /home/rania/Desktop/Financial-Tracker-App/backend/vendor/laravel/framework/src/Illuminate/Routing/Router.php(374): Illuminate\\Routing\\Router->loadRoutes()
#2 /home/rania/Desktop/Financial-Tracker-App/backend/vendor/laravel/framework/src/Illuminate/Routing/RouteRegistrar.php(134): Illuminate\\Routing\\Router->group()
#3 /home/rania/Desktop/Financial-Tracker-App/backend/app/Providers/RouteServiceProvider.php(78): Illuminate\\Routing\\RouteRegistrar->group()
#4 /home/rania/Desktop/Financial-Tracker-App/backend/app/Providers/RouteServiceProvider.php(45): App\\Providers\\RouteServiceProvider->mapApiRoutes()
#5 [internal function]: App\\Providers\\RouteServiceProvider->map()
#6 /home/rania/Desktop/Financial-Tracker-App/backend/vendor/laravel/framework/src/Illuminate/Container/BoundMethod.php(32): call_user_func_array()
#7 /home/rania/Desktop/Financial-Tracker-App/backend/vendor/laravel/framework/src/Illuminate/Container/Util.php(36): Illuminate\\Container\\BoundMethod::Illuminate\\Container\\{closure}()
#8 /home/rania/Desktop/Financial-Tracker-App/backend/vendor/laravel/framework/src/Illuminate/Container/BoundMethod.php(90): Illuminate\\Container\\Util::unwrapIfClosure()
#9 /home/rania/Desktop/Financial-Tracker-App/backend/vendor/laravel/framework/src/Illuminate/Container/BoundMethod.php(34): Illuminate\\Container\\BoundMethod::callBoundMethod()
#10 /home/rania/Desktop/Financial-Tracker-App/backend/vendor/laravel/framework/src/Illuminate/Container/Container.php(592): Illuminate\\Container\\BoundMethod::call()
#11 /home/rania/Desktop/Financial-Tracker-App/backend/vendor/laravel/framework/src/Illuminate/Foundation/Support/Providers/RouteServiceProvider.php(87): Illuminate\\Container\\Container->call()
#12 /home/rania/Desktop/Financial-Tracker-App/backend/vendor/laravel/framework/src/Illuminate/Foundation/Support/Providers/RouteServiceProvider.php(36): Illuminate\\Foundation\\Support\\Providers\\RouteServiceProvider->loadRoutes()
#13 /home/rania/Desktop/Financial-Tracker-App/backend/app/Providers/RouteServiceProvider.php(35): Illuminate\\Foundation\\Support\\Providers\\RouteServiceProvider->boot()
#14 [internal function]: App\\Providers\\RouteServiceProvider->boot()
#15 /home/rania/Desktop/Financial-Tracker-App/backend/vendor/laravel/framework/src/Illuminate/Container/BoundMethod.php(32): call_user_func_array()
#16 /home/rania/Desktop/Financial-Tracker-App/backend/vendor/laravel/framework/src/Illuminate/Container/Util.php(36): Illuminate\\Container\\BoundMethod::Illuminate\\Container\\{closure}()
#17 /home/rania/Desktop/Financial-Tracker-App/backend/vendor/laravel/framework/src/Illuminate/Container/BoundMethod.php(90): Illuminate\\Container\\Util::unwrapIfClosure()
#18 /home/rania/Desktop/Financial-Tracker-App/backend/vendor/laravel/framework/src/Illuminate/Container/BoundMethod.php(34): Illuminate\\Container\\BoundMethod::callBoundMethod()
#19 /home/rania/Desktop/Financial-Tracker-App/backend/vendor/laravel/framework/src/Illuminate/Container/Container.php(592): Illuminate\\Container\\BoundMethod::call()
#20 /home/rania/Desktop/Financial-Tracker-App/backend/vendor/laravel/framework/src/Illuminate/Foundation/Application.php(865): Illuminate\\Container\\Container->call()
#21 /home/rania/Desktop/Financial-Tracker-App/backend/vendor/laravel/framework/src/Illuminate/Foundation/Application.php(848): Illuminate\\Foundation\\Application->bootProvider()
#22 [internal function]: Illuminate\\Foundation\\Application->Illuminate\\Foundation\\{closure}()
#23 /home/rania/Desktop/Financial-Tracker-App/backend/vendor/laravel/framework/src/Illuminate/Foundation/Application.php(849): array_walk()
#24 /home/rania/Desktop/Financial-Tracker-App/backend/vendor/laravel/framework/src/Illuminate/Foundation/Bootstrap/BootProviders.php(17): Illuminate\\Foundation\\Application->boot()
#25 /home/rania/Desktop/Financial-Tracker-App/backend/vendor/laravel/framework/src/Illuminate/Foundation/Application.php(228): Illuminate\\Foundation\\Bootstrap\\BootProviders->bootstrap()
#26 /home/rania/Desktop/Financial-Tracker-App/backend/vendor/laravel/framework/src/Illuminate/Foundation/Http/Kernel.php(151): Illuminate\\Foundation\\Application->bootstrapWith()
#27 /home/rania/Desktop/Financial-Tracker-App/backend/vendor/laravel/framework/src/Illuminate/Foundation/Http/Kernel.php(135): Illuminate\\Foundation\\Http\\Kernel->bootstrap()
#28 /home/rania/Desktop/Financial-Tracker-App/backend/vendor/laravel/framework/src/Illuminate/Foundation/Http/Kernel.php(109): Illuminate\\Foundation\\Http\\Kernel->sendRequestThroughRouter()
#29 /home/rania/Desktop/Financial-Tracker-App/backend/public/index.php(55): Illuminate\\Foundation\\Http\\Kernel->handle()
#30 /home/rania/Desktop/Financial-Tracker-App/backend/server.php(21): require_once('/home/rania/Des...')
#31 {main}
"} 
[2020-03-28 10:26:04] local.ERROR: syntax error, unexpected '@', expecting ')' {"exception":"[object] (ParseError(code: 0): syntax error, unexpected '@', expecting ')' at /home/rania/Desktop/Financial-Tracker-App/backend/routes/api.php:20)
[stacktrace]
#0 /home/rania/Desktop/Financial-Tracker-App/backend/vendor/laravel/framework/src/Illuminate/Routing/Router.php(416): Illuminate\\Routing\\RouteFileRegistrar->register()
#1 /home/rania/Desktop/Financial-Tracker-App/backend/vendor/laravel/framework/src/Illuminate/Routing/Router.php(374): Illuminate\\Routing\\Router->loadRoutes()
#2 /home/rania/Desktop/Financial-Tracker-App/backend/vendor/laravel/framework/src/Illuminate/Routing/RouteRegistrar.php(134): Illuminate\\Routing\\Router->group()
#3 /home/rania/Desktop/Financial-Tracker-App/backend/app/Providers/RouteServiceProvider.php(78): Illuminate\\Routing\\RouteRegistrar->group()
#4 /home/rania/Desktop/Financial-Tracker-App/backend/app/Providers/RouteServiceProvider.php(45): App\\Providers\\RouteServiceProvider->mapApiRoutes()
#5 [internal function]: App\\Providers\\RouteServiceProvider->map()
#6 /home/rania/Desktop/Financial-Tracker-App/backend/vendor/laravel/framework/src/Illuminate/Container/BoundMethod.php(32): call_user_func_array()
#7 /home/rania/Desktop/Financial-Tracker-App/backend/vendor/laravel/framework/src/Illuminate/Container/Util.php(36): Illuminate\\Container\\BoundMethod::Illuminate\\Container\\{closure}()
#8 /home/rania/Desktop/Financial-Tracker-App/backend/vendor/laravel/framework/src/Illuminate/Container/BoundMethod.php(90): Illuminate\\Container\\Util::unwrapIfClosure()
#9 /home/rania/Desktop/Financial-Tracker-App/backend/vendor/laravel/framework/src/Illuminate/Container/BoundMethod.php(34): Illuminate\\Container\\BoundMethod::callBoundMethod()
#10 /home/rania/Desktop/Financial-Tracker-App/backend/vendor/laravel/framework/src/Illuminate/Container/Container.php(592): Illuminate\\Container\\BoundMethod::call()
#11 /home/rania/Desktop/Financial-Tracker-App/backend/vendor/laravel/framework/src/Illuminate/Foundation/Support/Providers/RouteServiceProvider.php(87): Illuminate\\Container\\Container->call()
#12 /home/rania/Desktop/Financial-Tracker-App/backend/vendor/laravel/framework/src/Illuminate/Foundation/Support/Providers/RouteServiceProvider.php(36): Illuminate\\Foundation\\Support\\Providers\\RouteServiceProvider->loadRoutes()
#13 /home/rania/Desktop/Financial-Tracker-App/backend/app/Providers/RouteServiceProvider.php(35): Illuminate\\Foundation\\Support\\Providers\\RouteServiceProvider->boot()
#14 [internal function]: App\\Providers\\RouteServiceProvider->boot()
#15 /home/rania/Desktop/Financial-Tracker-App/backend/vendor/laravel/framework/src/Illuminate/Container/BoundMethod.php(32): call_user_func_array()
#16 /home/rania/Desktop/Financial-Tracker-App/backend/vendor/laravel/framework/src/Illuminate/Container/Util.php(36): Illuminate\\Container\\BoundMethod::Illuminate\\Container\\{closure}()
#17 /home/rania/Desktop/Financial-Tracker-App/backend/vendor/laravel/framework/src/Illuminate/Container/BoundMethod.php(90): Illuminate\\Container\\Util::unwrapIfClosure()
#18 /home/rania/Desktop/Financial-Tracker-App/backend/vendor/laravel/framework/src/Illuminate/Container/BoundMethod.php(34): Illuminate\\Container\\BoundMethod::callBoundMethod()
#19 /home/rania/Desktop/Financial-Tracker-App/backend/vendor/laravel/framework/src/Illuminate/Container/Container.php(592): Illuminate\\Container\\BoundMethod::call()
#20 /home/rania/Desktop/Financial-Tracker-App/backend/vendor/laravel/framework/src/Illuminate/Foundation/Application.php(865): Illuminate\\Container\\Container->call()
#21 /home/rania/Desktop/Financial-Tracker-App/backend/vendor/laravel/framework/src/Illuminate/Foundation/Application.php(848): Illuminate\\Foundation\\Application->bootProvider()
#22 [internal function]: Illuminate\\Foundation\\Application->Illuminate\\Foundation\\{closure}()
#23 /home/rania/Desktop/Financial-Tracker-App/backend/vendor/laravel/framework/src/Illuminate/Foundation/Application.php(849): array_walk()
#24 /home/rania/Desktop/Financial-Tracker-App/backend/vendor/laravel/framework/src/Illuminate/Foundation/Bootstrap/BootProviders.php(17): Illuminate\\Foundation\\Application->boot()
#25 /home/rania/Desktop/Financial-Tracker-App/backend/vendor/laravel/framework/src/Illuminate/Foundation/Application.php(228): Illuminate\\Foundation\\Bootstrap\\BootProviders->bootstrap()
#26 /home/rania/Desktop/Financial-Tracker-App/backend/vendor/laravel/framework/src/Illuminate/Foundation/Http/Kernel.php(151): Illuminate\\Foundation\\Application->bootstrapWith()
#27 /home/rania/Desktop/Financial-Tracker-App/backend/vendor/laravel/framework/src/Illuminate/Foundation/Http/Kernel.php(135): Illuminate\\Foundation\\Http\\Kernel->bootstrap()
#28 /home/rania/Desktop/Financial-Tracker-App/backend/vendor/laravel/framework/src/Illuminate/Foundation/Http/Kernel.php(109): Illuminate\\Foundation\\Http\\Kernel->sendRequestThroughRouter()
#29 /home/rania/Desktop/Financial-Tracker-App/backend/public/index.php(55): Illuminate\\Foundation\\Http\\Kernel->handle()
#30 /home/rania/Desktop/Financial-Tracker-App/backend/server.php(21): require_once('/home/rania/Des...')
#31 {main}
"} 
[2020-03-28 10:26:15] local.ERROR: syntax error, unexpected '@', expecting ')' {"exception":"[object] (ParseError(code: 0): syntax error, unexpected '@', expecting ')' at /home/rania/Desktop/Financial-Tracker-App/backend/routes/api.php:20)
[stacktrace]
#0 /home/rania/Desktop/Financial-Tracker-App/backend/vendor/laravel/framework/src/Illuminate/Routing/Router.php(416): Illuminate\\Routing\\RouteFileRegistrar->register()
#1 /home/rania/Desktop/Financial-Tracker-App/backend/vendor/laravel/framework/src/Illuminate/Routing/Router.php(374): Illuminate\\Routing\\Router->loadRoutes()
#2 /home/rania/Desktop/Financial-Tracker-App/backend/vendor/laravel/framework/src/Illuminate/Routing/RouteRegistrar.php(134): Illuminate\\Routing\\Router->group()
#3 /home/rania/Desktop/Financial-Tracker-App/backend/app/Providers/RouteServiceProvider.php(78): Illuminate\\Routing\\RouteRegistrar->group()
#4 /home/rania/Desktop/Financial-Tracker-App/backend/app/Providers/RouteServiceProvider.php(45): App\\Providers\\RouteServiceProvider->mapApiRoutes()
#5 [internal function]: App\\Providers\\RouteServiceProvider->map()
#6 /home/rania/Desktop/Financial-Tracker-App/backend/vendor/laravel/framework/src/Illuminate/Container/BoundMethod.php(32): call_user_func_array()
#7 /home/rania/Desktop/Financial-Tracker-App/backend/vendor/laravel/framework/src/Illuminate/Container/Util.php(36): Illuminate\\Container\\BoundMethod::Illuminate\\Container\\{closure}()
#8 /home/rania/Desktop/Financial-Tracker-App/backend/vendor/laravel/framework/src/Illuminate/Container/BoundMethod.php(90): Illuminate\\Container\\Util::unwrapIfClosure()
#9 /home/rania/Desktop/Financial-Tracker-App/backend/vendor/laravel/framework/src/Illuminate/Container/BoundMethod.php(34): Illuminate\\Container\\BoundMethod::callBoundMethod()
#10 /home/rania/Desktop/Financial-Tracker-App/backend/vendor/laravel/framework/src/Illuminate/Container/Container.php(592): Illuminate\\Container\\BoundMethod::call()
#11 /home/rania/Desktop/Financial-Tracker-App/backend/vendor/laravel/framework/src/Illuminate/Foundation/Support/Providers/RouteServiceProvider.php(87): Illuminate\\Container\\Container->call()
#12 /home/rania/Desktop/Financial-Tracker-App/backend/vendor/laravel/framework/src/Illuminate/Foundation/Support/Providers/RouteServiceProvider.php(36): Illuminate\\Foundation\\Support\\Providers\\RouteServiceProvider->loadRoutes()
#13 /home/rania/Desktop/Financial-Tracker-App/backend/app/Providers/RouteServiceProvider.php(35): Illuminate\\Foundation\\Support\\Providers\\RouteServiceProvider->boot()
#14 [internal function]: App\\Providers\\RouteServiceProvider->boot()
#15 /home/rania/Desktop/Financial-Tracker-App/backend/vendor/laravel/framework/src/Illuminate/Container/BoundMethod.php(32): call_user_func_array()
#16 /home/rania/Desktop/Financial-Tracker-App/backend/vendor/laravel/framework/src/Illuminate/Container/Util.php(36): Illuminate\\Container\\BoundMethod::Illuminate\\Container\\{closure}()
#17 /home/rania/Desktop/Financial-Tracker-App/backend/vendor/laravel/framework/src/Illuminate/Container/BoundMethod.php(90): Illuminate\\Container\\Util::unwrapIfClosure()
#18 /home/rania/Desktop/Financial-Tracker-App/backend/vendor/laravel/framework/src/Illuminate/Container/BoundMethod.php(34): Illuminate\\Container\\BoundMethod::callBoundMethod()
#19 /home/rania/Desktop/Financial-Tracker-App/backend/vendor/laravel/framework/src/Illuminate/Container/Container.php(592): Illuminate\\Container\\BoundMethod::call()
#20 /home/rania/Desktop/Financial-Tracker-App/backend/vendor/laravel/framework/src/Illuminate/Foundation/Application.php(865): Illuminate\\Container\\Container->call()
#21 /home/rania/Desktop/Financial-Tracker-App/backend/vendor/laravel/framework/src/Illuminate/Foundation/Application.php(848): Illuminate\\Foundation\\Application->bootProvider()
#22 [internal function]: Illuminate\\Foundation\\Application->Illuminate\\Foundation\\{closure}()
#23 /home/rania/Desktop/Financial-Tracker-App/backend/vendor/laravel/framework/src/Illuminate/Foundation/Application.php(849): array_walk()
#24 /home/rania/Desktop/Financial-Tracker-App/backend/vendor/laravel/framework/src/Illuminate/Foundation/Bootstrap/BootProviders.php(17): Illuminate\\Foundation\\Application->boot()
#25 /home/rania/Desktop/Financial-Tracker-App/backend/vendor/laravel/framework/src/Illuminate/Foundation/Application.php(228): Illuminate\\Foundation\\Bootstrap\\BootProviders->bootstrap()
#26 /home/rania/Desktop/Financial-Tracker-App/backend/vendor/laravel/framework/src/Illuminate/Foundation/Http/Kernel.php(151): Illuminate\\Foundation\\Application->bootstrapWith()
#27 /home/rania/Desktop/Financial-Tracker-App/backend/vendor/laravel/framework/src/Illuminate/Foundation/Http/Kernel.php(135): Illuminate\\Foundation\\Http\\Kernel->bootstrap()
#28 /home/rania/Desktop/Financial-Tracker-App/backend/vendor/laravel/framework/src/Illuminate/Foundation/Http/Kernel.php(109): Illuminate\\Foundation\\Http\\Kernel->sendRequestThroughRouter()
#29 /home/rania/Desktop/Financial-Tracker-App/backend/public/index.php(55): Illuminate\\Foundation\\Http\\Kernel->handle()
#30 /home/rania/Desktop/Financial-Tracker-App/backend/server.php(21): require_once('/home/rania/Des...')
#31 {main}
"} 
[2020-03-28 11:36:30] local.ERROR: Invalid route action: [App\Http\Controllers\Users\usersControllerByID]. {"exception":"[object] (UnexpectedValueException(code: 0): Invalid route action: [App\\Http\\Controllers\\Users\\usersControllerByID]. at /home/rania/Desktop/Financial-Tracker-App/backend/vendor/laravel/framework/src/Illuminate/Routing/RouteAction.php:91)
[stacktrace]
#0 /home/rania/Desktop/Financial-Tracker-App/backend/vendor/laravel/framework/src/Illuminate/Routing/RouteAction.php(46): Illuminate\\Routing\\RouteAction::makeInvokable()
#1 /home/rania/Desktop/Financial-Tracker-App/backend/vendor/laravel/framework/src/Illuminate/Routing/Route.php(168): Illuminate\\Routing\\RouteAction::parse()
#2 /home/rania/Desktop/Financial-Tracker-App/backend/vendor/laravel/framework/src/Illuminate/Routing/Route.php(149): Illuminate\\Routing\\Route->parseAction()
#3 /home/rania/Desktop/Financial-Tracker-App/backend/vendor/laravel/framework/src/Illuminate/Routing/Router.php(548): Illuminate\\Routing\\Route->__construct()
#4 /home/rania/Desktop/Financial-Tracker-App/backend/vendor/laravel/framework/src/Illuminate/Routing/Router.php(467): Illuminate\\Routing\\Router->newRoute()
#5 /home/rania/Desktop/Financial-Tracker-App/backend/vendor/laravel/framework/src/Illuminate/Routing/Router.php(446): Illuminate\\Routing\\Router->createRoute()
#6 /home/rania/Desktop/Financial-Tracker-App/backend/vendor/laravel/framework/src/Illuminate/Routing/Router.php(145): Illuminate\\Routing\\Router->addRoute()
#7 /home/rania/Desktop/Financial-Tracker-App/backend/vendor/laravel/framework/src/Illuminate/Support/Facades/Facade.php(261): Illuminate\\Routing\\Router->get()
#8 /home/rania/Desktop/Financial-Tracker-App/backend/routes/api.php(23): Illuminate\\Support\\Facades\\Facade::__callStatic()
#9 /home/rania/Desktop/Financial-Tracker-App/backend/vendor/laravel/framework/src/Illuminate/Routing/RouteFileRegistrar.php(35): require('/home/rania/Des...')
#10 /home/rania/Desktop/Financial-Tracker-App/backend/vendor/laravel/framework/src/Illuminate/Routing/Router.php(416): Illuminate\\Routing\\RouteFileRegistrar->register()
#11 /home/rania/Desktop/Financial-Tracker-App/backend/vendor/laravel/framework/src/Illuminate/Routing/Router.php(374): Illuminate\\Routing\\Router->loadRoutes()
#12 /home/rania/Desktop/Financial-Tracker-App/backend/vendor/laravel/framework/src/Illuminate/Routing/RouteRegistrar.php(134): Illuminate\\Routing\\Router->group()
#13 /home/rania/Desktop/Financial-Tracker-App/backend/app/Providers/RouteServiceProvider.php(78): Illuminate\\Routing\\RouteRegistrar->group()
#14 /home/rania/Desktop/Financial-Tracker-App/backend/app/Providers/RouteServiceProvider.php(45): App\\Providers\\RouteServiceProvider->mapApiRoutes()
#15 [internal function]: App\\Providers\\RouteServiceProvider->map()
#16 /home/rania/Desktop/Financial-Tracker-App/backend/vendor/laravel/framework/src/Illuminate/Container/BoundMethod.php(32): call_user_func_array()
#17 /home/rania/Desktop/Financial-Tracker-App/backend/vendor/laravel/framework/src/Illuminate/Container/Util.php(36): Illuminate\\Container\\BoundMethod::Illuminate\\Container\\{closure}()
#18 /home/rania/Desktop/Financial-Tracker-App/backend/vendor/laravel/framework/src/Illuminate/Container/BoundMethod.php(90): Illuminate\\Container\\Util::unwrapIfClosure()
#19 /home/rania/Desktop/Financial-Tracker-App/backend/vendor/laravel/framework/src/Illuminate/Container/BoundMethod.php(34): Illuminate\\Container\\BoundMethod::callBoundMethod()
#20 /home/rania/Desktop/Financial-Tracker-App/backend/vendor/laravel/framework/src/Illuminate/Container/Container.php(592): Illuminate\\Container\\BoundMethod::call()
#21 /home/rania/Desktop/Financial-Tracker-App/backend/vendor/laravel/framework/src/Illuminate/Foundation/Support/Providers/RouteServiceProvider.php(87): Illuminate\\Container\\Container->call()
#22 /home/rania/Desktop/Financial-Tracker-App/backend/vendor/laravel/framework/src/Illuminate/Foundation/Support/Providers/RouteServiceProvider.php(36): Illuminate\\Foundation\\Support\\Providers\\RouteServiceProvider->loadRoutes()
#23 /home/rania/Desktop/Financial-Tracker-App/backend/app/Providers/RouteServiceProvider.php(35): Illuminate\\Foundation\\Support\\Providers\\RouteServiceProvider->boot()
#24 [internal function]: App\\Providers\\RouteServiceProvider->boot()
#25 /home/rania/Desktop/Financial-Tracker-App/backend/vendor/laravel/framework/src/Illuminate/Container/BoundMethod.php(32): call_user_func_array()
#26 /home/rania/Desktop/Financial-Tracker-App/backend/vendor/laravel/framework/src/Illuminate/Container/Util.php(36): Illuminate\\Container\\BoundMethod::Illuminate\\Container\\{closure}()
#27 /home/rania/Desktop/Financial-Tracker-App/backend/vendor/laravel/framework/src/Illuminate/Container/BoundMethod.php(90): Illuminate\\Container\\Util::unwrapIfClosure()
#28 /home/rania/Desktop/Financial-Tracker-App/backend/vendor/laravel/framework/src/Illuminate/Container/BoundMethod.php(34): Illuminate\\Container\\BoundMethod::callBoundMethod()
#29 /home/rania/Desktop/Financial-Tracker-App/backend/vendor/laravel/framework/src/Illuminate/Container/Container.php(592): Illuminate\\Container\\BoundMethod::call()
#30 /home/rania/Desktop/Financial-Tracker-App/backend/vendor/laravel/framework/src/Illuminate/Foundation/Application.php(865): Illuminate\\Container\\Container->call()
#31 /home/rania/Desktop/Financial-Tracker-App/backend/vendor/laravel/framework/src/Illuminate/Foundation/Application.php(848): Illuminate\\Foundation\\Application->bootProvider()
#32 [internal function]: Illuminate\\Foundation\\Application->Illuminate\\Foundation\\{closure}()
#33 /home/rania/Desktop/Financial-Tracker-App/backend/vendor/laravel/framework/src/Illuminate/Foundation/Application.php(849): array_walk()
#34 /home/rania/Desktop/Financial-Tracker-App/backend/vendor/laravel/framework/src/Illuminate/Foundation/Bootstrap/BootProviders.php(17): Illuminate\\Foundation\\Application->boot()
#35 /home/rania/Desktop/Financial-Tracker-App/backend/vendor/laravel/framework/src/Illuminate/Foundation/Application.php(228): Illuminate\\Foundation\\Bootstrap\\BootProviders->bootstrap()
#36 /home/rania/Desktop/Financial-Tracker-App/backend/vendor/laravel/framework/src/Illuminate/Foundation/Console/Kernel.php(311): Illuminate\\Foundation\\Application->bootstrapWith()
#37 /home/rania/Desktop/Financial-Tracker-App/backend/vendor/laravel/framework/src/Illuminate/Foundation/Console/Kernel.php(128): Illuminate\\Foundation\\Console\\Kernel->bootstrap()
#38 /home/rania/Desktop/Financial-Tracker-App/backend/artisan(37): Illuminate\\Foundation\\Console\\Kernel->handle()
#39 {main}
"} 
